{"numTotalTestSuites":6,"numPassedTestSuites":6,"numFailedTestSuites":0,"numPendingTestSuites":0,"numTotalTests":16,"numPassedTests":15,"numFailedTests":1,"numPendingTests":0,"numTodoTests":0,"startTime":1768064013621,"success":false,"testResults":[{"assertionResults":[{"ancestorTitles":["","EntryContentRenderer","Plain text rendering"],"fullName":" EntryContentRenderer Plain text rendering renders plain text without links","status":"passed","title":"renders plain text without links","duration":16,"failureMessages":[]},{"ancestorTitles":["","EntryContentRenderer","Plain text rendering"],"fullName":" EntryContentRenderer Plain text rendering renders empty content","status":"passed","title":"renders empty content","duration":1,"failureMessages":[]},{"ancestorTitles":["","EntryContentRenderer","Plain text rendering"],"fullName":" EntryContentRenderer Plain text rendering renders null content","status":"passed","title":"renders null content","duration":1,"failureMessages":[]},{"ancestorTitles":["","EntryContentRenderer","Cross-reference detection"],"fullName":" EntryContentRenderer Cross-reference detection detects entry (yyyy-mm-dd) format","status":"passed","title":"detects entry (yyyy-mm-dd) format","duration":39,"failureMessages":[]},{"ancestorTitles":["","EntryContentRenderer","Cross-reference detection"],"fullName":" EntryContentRenderer Cross-reference detection detects entry (yyyy-mm-dd)--X format","status":"passed","title":"detects entry (yyyy-mm-dd)--X format","duration":10,"failureMessages":[]},{"ancestorTitles":["","EntryContentRenderer","Cross-reference detection"],"fullName":" EntryContentRenderer Cross-reference detection detects multiple references in same content","status":"passed","title":"detects multiple references in same content","duration":12,"failureMessages":[]},{"ancestorTitles":["","EntryContentRenderer","Cross-reference detection"],"fullName":" EntryContentRenderer Cross-reference detection handles entry with space before parenthesis","status":"failed","title":"handles entry with space before parenthesis","duration":13,"failureMessages":["\u001b[2mexpect(\u001b[22m\u001b[31melement\u001b[39m\u001b[2m).toHaveTextContent()\u001b[22m\n\nExpected element to have text content:\n\u001b[32m  entry  (2026-01-10)\u001b[39m\nReceived:\n\u001b[31m  entry (2026-01-10)\u001b[39m"],"location":{"line":68,"column":26}},{"ancestorTitles":["","EntryContentRenderer","Cross-reference detection"],"fullName":" EntryContentRenderer Cross-reference detection preserves surrounding text","status":"passed","title":"preserves surrounding text","duration":3,"failureMessages":[]},{"ancestorTitles":["","EntryContentRenderer","Navigation callback"],"fullName":" EntryContentRenderer Navigation callback calls onNavigateToEntry with date on click","status":"passed","title":"calls onNavigateToEntry with date on click","duration":59,"failureMessages":[]},{"ancestorTitles":["","EntryContentRenderer","Navigation callback"],"fullName":" EntryContentRenderer Navigation callback calls onNavigateToEntry with date and index on click","status":"passed","title":"calls onNavigateToEntry with date and index on click","duration":46,"failureMessages":[]},{"ancestorTitles":["","EntryContentRenderer","Navigation callback"],"fullName":" EntryContentRenderer Navigation callback handles Enter key for accessibility","status":"passed","title":"handles Enter key for accessibility","duration":46,"failureMessages":[]},{"ancestorTitles":["","EntryContentRenderer","Navigation callback"],"fullName":" EntryContentRenderer Navigation callback handles Space key for accessibility","status":"passed","title":"handles Space key for accessibility","duration":31,"failureMessages":[]},{"ancestorTitles":["","EntryContentRenderer","Edge cases"],"fullName":" EntryContentRenderer Edge cases does not match invalid date formats","status":"passed","title":"does not match invalid date formats","duration":2,"failureMessages":[]},{"ancestorTitles":["","EntryContentRenderer","Edge cases"],"fullName":" EntryContentRenderer Edge cases handles reference at start of content","status":"passed","title":"handles reference at start of content","duration":6,"failureMessages":[]},{"ancestorTitles":["","EntryContentRenderer","Edge cases"],"fullName":" EntryContentRenderer Edge cases handles reference at end of content","status":"passed","title":"handles reference at end of content","duration":7,"failureMessages":[]},{"ancestorTitles":["","EntryContentRenderer","Edge cases"],"fullName":" EntryContentRenderer Edge cases shows tooltip with navigation info","status":"passed","title":"shows tooltip with navigation info","duration":6,"failureMessages":[]}],"startTime":1768064015136,"endTime":1768064015434,"status":"failed","message":"","name":"C:/dev/workspace/thoughty/client/src/components/EntryContentRenderer/EntryContentRenderer.test.jsx"}]}
